\BOOKMARK [0][-]{chapter*.2}{\376\377\000D\000a\000n\000h\000\040\000s\000\341\000c\000h\000\040\000h\000\354\000n\000h\000\040\000v\036\275}{}% 1
\BOOKMARK [0][-]{chapter*.3}{\376\377\000D\000a\000n\000h\000\040\000s\000\341\000c\000h\000\040\000b\036\243\000n\000g\000\040\000b\000i\036\303\000u}{}% 2
\BOOKMARK [0][-]{section*.4}{\376\377\000D\000a\000n\000h\000\040\000s\000\341\000c\000h\000\040\000t\000h\000u\036\255\000t\000\040\000n\000g\036\357}{}% 3
\BOOKMARK [0][-]{section*.6}{\376\377\000D\000a\000n\000h\000\040\000s\000\341\000c\000h\000\040\000t\036\353\000\040\000v\000i\036\277\000t\000\040\000t\036\257\000t}{}% 4
\BOOKMARK [0][-]{chapter*.7}{\376\377\000T\000\323\000M\000\040\000T\036\256\000T\000\040\000K\000H\000\323\000A\000\040\000L\000U\036\254\000N}{}% 5
\BOOKMARK [0][-]{chapter.1}{\376\377\000M\036\336\000\040\001\020\036\246\000U}{}% 6
\BOOKMARK [1][-]{section.1.1}{\376\377\000V\036\245\000n\000\040\001\021\036\301\000\040\001\021\036\267\000t\000\040\000r\000a}{chapter.1}% 7
\BOOKMARK [1][-]{section.1.2}{\376\377\000T\000\355\000n\000h\000\040\000k\000h\000o\000a\000\040\000h\036\315\000c\000\040\000v\000\340\000\040\000t\000\355\000n\000h\000\040\000m\036\333\000i\000\040\000c\036\347\000a\000\040\001\021\036\301\000\040\000t\000\340\000i}{chapter.1}% 8
\BOOKMARK [2][-]{subsection.1.2.1}{\376\377\000T\000\355\000n\000h\000\040\000k\000h\000o\000a\000\040\000h\036\315\000c}{section.1.2}% 9
\BOOKMARK [2][-]{subsection.1.2.2}{\376\377\000T\000\355\000n\000h\000\040\000m\036\333\000i}{section.1.2}% 10
\BOOKMARK [1][-]{section.1.3}{\376\377\000M\036\345\000c\000\040\000t\000i\000\352\000u}{chapter.1}% 11
\BOOKMARK [1][-]{section.1.4}{\376\377\001\020\036\321\000i\000\040\000t\001\260\036\343\000n\000g\000\040\000v\000\340\000\040\000p\000h\036\241\000m\000\040\000v\000i\000\040\000n\000g\000h\000i\000\352\000n\000\040\000c\036\351\000u}{chapter.1}% 12
\BOOKMARK [0][-]{chapter.2}{\376\377\000T\036\324\000N\000G\000\040\000Q\000U\000A\000N}{}% 13
\BOOKMARK [1][-]{section.2.1}{\376\377\000G\000i\036\333\000i\000\040\000t\000h\000i\036\307\000u}{chapter.2}% 14
\BOOKMARK [1][-]{section.2.2}{\376\377\000C\000\341\000c\000\040\000n\000g\000h\000i\000\352\000n\000\040\000c\036\351\000u\000\040\000l\000i\000\352\000n\000\040\000q\000u\000a\000n}{chapter.2}% 15
\BOOKMARK [1][-]{section.2.3}{\376\377\000K\000i\036\277\000n\000\040\000t\000h\036\351\000c\000\040\000n\036\301\000n\000\040\000t\036\243\000n\000g}{chapter.2}% 16
\BOOKMARK [2][-]{subsection.2.3.1}{\376\377\000C\000\364\000n\000g\000\040\000n\000g\000h\036\307\000\040\000b\000l\000o\000c\000k\000c\000h\000a\000i\000n}{section.2.3}% 17
\BOOKMARK [2][-]{subsection.2.3.2}{\376\377\000N\036\301\000n\000\040\000t\036\243\000n\000g\000\040\000E\000t\000h\000e\000r\000e\000u\000m}{section.2.3}% 18
\BOOKMARK [2][-]{subsection.2.3.3}{\376\377\000H\036\343\000p\000\040\001\021\036\323\000n\000g\000\040\000t\000h\000\364\000n\000g\000\040\000m\000i\000n\000h\000\040\000-\000\040\000S\000m\000a\000r\000t\000\040\000c\000o\000n\000t\000r\000a\000c\000t}{section.2.3}% 19
\BOOKMARK [0][-]{chapter.3}{\376\377\000P\000H\000\302\000N\000\040\000T\000\315\000C\000H\000\040\000V\000\300\000\040\000T\000H\000I\036\276\000T\000\040\000K\036\276\000\040\000H\036\306\000\040\000T\000H\036\320\000N\000G}{}% 20
\BOOKMARK [1][-]{section.3.1}{\376\377\000G\000i\036\333\000i\000\040\000t\000h\000i\036\307\000u\000\040\000h\036\307\000\040\000t\000h\036\321\000n\000g}{chapter.3}% 21
\BOOKMARK [1][-]{section.3.2}{\376\377\000Q\000u\000y\000\040\000t\000r\000\354\000n\000h\000\040\000g\000\342\000y\000\040\000q\000u\036\371\000\040\000c\036\331\000n\000g\000\040\001\021\036\323\000n\000g}{chapter.3}% 22
\BOOKMARK [2][-]{subsection.3.2.1}{\376\377\000C\000\341\000c\000\040\001\021\036\321\000i\000\040\000t\001\260\036\343\000n\000g\000\040\000t\000r\000o\000n\000g\000\040\000q\000u\000y\000\040\000t\000r\000\354\000n\000h}{section.3.2}% 23
\BOOKMARK [2][-]{subsection.3.2.2}{\376\377\000S\001\241\000\040\001\021\036\323\000\040\000q\000u\000y\000\040\000t\000r\000\354\000n\000h\000\040\000g\000\342\000y\000\040\000q\000u\036\371}{section.3.2}% 24
\BOOKMARK [1][-]{section.3.3}{\376\377\000K\000i\036\277\000n\000\040\000t\000r\000\372\000c\000\040\000h\036\307\000\040\000t\000h\036\321\000n\000g}{chapter.3}% 25
\BOOKMARK [1][-]{section.3.4}{\376\377\000C\000\341\000c\000\040\000c\000h\036\351\000c\000\040\000n\001\003\000n\000g}{chapter.3}% 26
\BOOKMARK [2][-]{subsection.3.4.1}{\376\377\000T\036\325\000n\000g\000\040\000q\000u\000a\000n\000\040\000c\000\341\000c\000\040\000c\000h\036\351\000c\000\040\000n\001\003\000n\000g}{section.3.4}% 27
\BOOKMARK [2][-]{subsection.3.4.2}{\376\377\000C\000h\036\351\000c\000\040\000n\001\003\000n\000g\000\040\000n\036\331\000p\000\040\000t\000i\036\301\000n\000\040\000v\000\340\000\040\000r\000\372\000t\000\040\000t\000i\036\301\000n}{section.3.4}% 28
\BOOKMARK [3][-]{subsubsection.3.4.2.1}{\376\377\000M\036\345\000c\000\040\000t\000i\000\352\000u}{subsection.3.4.2}% 29
\BOOKMARK [3][-]{subsubsection.3.4.2.2}{\376\377\000S\001\241\000\040\001\021\036\323\000\040\000h\000o\036\241\000t\000\040\001\021\036\331\000n\000g}{subsection.3.4.2}% 30
\BOOKMARK [2][-]{subsection.3.4.3}{\376\377\000C\000h\036\351\000c\000\040\000n\001\003\000n\000g\000\040\000q\000u\036\243\000n\000\040\000l\000\375\000\040\001\021\036\313\000n\000h\000\040\000d\000a\000n\000h}{section.3.4}% 31
\BOOKMARK [3][-]{subsubsection.3.4.3.1}{\376\377\000M\036\345\000c\000\040\000t\000i\000\352\000u}{subsection.3.4.3}% 32
\BOOKMARK [3][-]{subsubsection.3.4.3.2}{\376\377\000C\000\341\000c\000h\000\040\000h\000o\036\241\000t\000\040\001\021\036\331\000n\000g}{subsection.3.4.3}% 33
\BOOKMARK [2][-]{subsection.3.4.4}{\376\377\000C\000h\036\351\000c\000\040\000n\001\003\000n\000g\000\040\000g\000i\036\243\000i\000\040\000n\000g\000\342\000n\000\040\000t\000h\000e\000o\000\040\000t\000i\036\277\000n\000\040\001\021\036\331}{section.3.4}% 34
\BOOKMARK [3][-]{subsubsection.3.4.4.1}{\376\377\000M\036\345\000c\000\040\000t\000i\000\352\000u}{subsection.3.4.4}% 35
\BOOKMARK [3][-]{subsubsection.3.4.4.2}{\376\377\000S\001\241\000\040\001\021\036\323\000\040\000h\000o\036\241\000t\000\040\001\021\036\331\000n\000g}{subsection.3.4.4}% 36
\BOOKMARK [1][-]{section.3.5}{\376\377\000T\036\325\000\040\000c\000h\036\351\000c\000\040\000d\036\357\000\040\000l\000i\036\307\000u}{chapter.3}% 37
\BOOKMARK [0][-]{chapter.4}{\376\377\000H\000I\036\306\000N\000\040\000T\000H\036\360\000C\000\040\000V\000\300\000\040\001\020\000\301\000N\000H\000\040\000G\000I\000\301\000\040\000H\036\306\000\040\000T\000H\036\320\000N\000G}{}% 38
\BOOKMARK [1][-]{section.4.1}{\376\377\000H\000i\036\307\000n\000\040\000t\000h\036\361\000c}{chapter.4}% 39
\BOOKMARK [2][-]{subsection.4.1.1}{\376\377\000M\000\364\000i\000\040\000t\000r\001\260\036\335\000n\000g\000\040\000h\000i\036\307\000n\000\040\000t\000h\036\361\000c}{section.4.1}% 40
\BOOKMARK [2][-]{subsection.4.1.2}{\376\377\000C\000\341\000c\000\040\000c\000\364\000n\000g\000\040\000n\000g\000h\036\307\000\040\001\021\001\260\036\343\000c\000\040\000s\036\355\000\040\000d\036\345\000n\000g}{section.4.1}% 41
\BOOKMARK [3][-]{subsubsection.4.1.2.1}{\376\377\000C\000\364\000n\000g\000\040\000n\000g\000h\036\307\000\040\000R\000e\000a\000c\000t\000J\000S\000/\000N\000o\000d\000e\000J\000S}{subsection.4.1.2}% 42
\BOOKMARK [3][-]{subsubsection.4.1.2.2}{\376\377\000M\000a\000t\000e\000r\000i\000a\000l\000\040\000U\000I\000\040\000f\000r\000a\000m\000e\000w\000o\000r\000k}{subsection.4.1.2}% 43
\BOOKMARK [3][-]{subsubsection.4.1.2.3}{\376\377\000C\001\241\000\040\000s\036\337\000\040\000d\036\357\000\040\000l\000i\036\307\000u\000\040\000R\000e\000d\000i\000s}{subsection.4.1.2}% 44
\BOOKMARK [2][-]{subsection.4.1.3}{\376\377\000C\000\341\000c\000\040\000b\001\260\036\333\000c\000\040\000h\000i\036\307\000n\000\040\000t\000h\036\361\000c}{section.4.1}% 45
\BOOKMARK [1][-]{section.4.2}{\376\377\001\020\000\341\000n\000h\000\040\000g\000i\000\341\000\040\000h\036\307\000\040\000t\000h\036\321\000n\000g\000\040\001\021\000\343\000\040\000h\000i\036\307\000n\000\040\000t\000h\036\361\000c}{chapter.4}% 46
\BOOKMARK [2][-]{subsection.4.2.1}{\376\377\001\020\000o\000\040\000l\001\260\036\335\000n\000g\000\040\000t\036\321\000c\000\040\001\021\036\331\000\040\000t\000h\036\361\000c\000\040\000h\000i\036\307\000n\000\040\000g\000i\000a\000o\000\040\000d\036\313\000c\000h}{section.4.2}% 47
\BOOKMARK [3][-]{subsubsection.4.2.1.1}{\376\377\000M\000\364\000i\000\040\000t\000r\001\260\036\335\000n\000g\000\040\000t\000h\036\361\000c\000\040\000h\000i\036\307\000n\000\040\001\021\000\341\000n\000h\000\040\000g\000i\000\341}{subsection.4.2.1}% 48
\BOOKMARK [3][-]{subsubsection.4.2.1.2}{\376\377\000P\000h\001\260\001\241\000n\000g\000\040\000p\000h\000\341\000p\000\040\000t\000h\036\361\000c\000\040\000h\000i\036\307\000n\000\040\001\021\000\341\000n\000h\000\040\000g\000i\000\341}{subsection.4.2.1}% 49
\BOOKMARK [3][-]{subsubsection.4.2.1.3}{\376\377\000K\036\277\000t\000\040\000q\000u\036\243\000\040\001\021\000\341\000n\000h\000\040\000g\000i\000\341}{subsection.4.2.1}% 50
\BOOKMARK [2][-]{subsection.4.2.2}{\376\377\000C\000h\000i\000\040\000p\000h\000\355\000\040\000t\000h\036\361\000c\000\040\000h\000i\036\307\000n\000\040\000c\000\341\000c\000\040\000g\000i\000a\000o\000\040\000d\036\313\000c\000h\000\040\000t\000r\000o\000n\000g\000\040\000h\036\307\000\040\000t\000h\036\321\000n\000g}{section.4.2}% 51
\BOOKMARK [3][-]{subsubsection.4.2.2.1}{\376\377\000M\000\364\000i\000\040\000t\000r\001\260\036\335\000n\000g\000\040\000t\000h\036\361\000c\000\040\000h\000i\036\307\000n\000\040\001\021\000\341\000n\000h\000\040\000g\000i\000\341}{subsection.4.2.2}% 52
\BOOKMARK [3][-]{subsubsection.4.2.2.2}{\376\377\000P\000h\001\260\001\241\000n\000g\000\040\000p\000h\000\341\000p\000\040\000t\000h\036\361\000c\000\040\000h\000i\036\307\000n\000\040\001\021\000\341\000n\000h\000\040\000g\000i\000\341}{subsection.4.2.2}% 53
\BOOKMARK [3][-]{subsubsection.4.2.2.3}{\376\377\000K\036\277\000t\000\040\000q\000u\036\243\000\040\000c\000h\000i\000\040\000p\000h\000\355\000\040\000c\000h\000o\000\040\000c\000\341\000c\000\040\000g\000i\000a\000o\000\040\000d\036\313\000c\000h\000\040\000t\000r\000o\000n\000g\000\040\000h\036\307\000\040\000t\000h\036\321\000n\000g}{subsection.4.2.2}% 54
\BOOKMARK [2][-]{subsection.4.2.3}{\376\377\000P\000h\000\342\000n\000\040\000t\000\355\000c\000h\000\040\000b\036\243\000o\000\040\000m\036\255\000t\000\040\000c\036\347\000a\000\040\000h\036\343\000p\000\040\001\021\036\323\000n\000g\000\040\000t\000h\000\364\000n\000g\000\040\000m\000i\000n\000h\000\040\000t\000r\000o\000n\000g\000\040\000h\036\307\000\040\000t\000h\036\321\000n\000g}{section.4.2}% 55
\BOOKMARK [0][-]{chapter.5}{\376\377\000K\036\276\000T\000\040\000L\000U\036\254\000N}{}% 56
\BOOKMARK [1][-]{section.5.1}{\376\377\000T\000h\000u\036\255\000n\000\040\000l\036\343\000i}{chapter.5}% 57
\BOOKMARK [1][-]{section.5.2}{\376\377\000K\000h\000\363\000\040\000k\000h\001\003\000n}{chapter.5}% 58
\BOOKMARK [1][-]{section.5.3}{\376\377\000H\001\260\036\333\000n\000g\000\040\000p\000h\000\341\000t\000\040\000t\000r\000i\036\303\000n}{chapter.5}% 59
\BOOKMARK [0][-]{section.5.3}{\376\377\000T\000\300\000I\000\040\000L\000I\036\306\000U\000\040\000T\000H\000A\000M\000\040\000K\000H\036\242\000O}{}% 60
\BOOKMARK [0][-]{appendix.A}{\376\377\000M\000\343\000\040\000h\036\343\000p\000\040\001\021\036\323\000n\000g\000\040\000t\000h\000\364\000n\000g\000\040\000m\000i\000n\000h\000\040\000-\000\040\000T\000o\000k\000e\000n\000S\000y\000s\000t\000e\000m}{}% 61
\BOOKMARK [0][-]{appendix.B}{\376\377\000M\000\343\000\040\000h\036\343\000p\000\040\001\021\036\323\000n\000g\000\040\000t\000h\000\364\000n\000g\000\040\000m\000i\000n\000h\000\040\000-\000\040\000C\000a\000m\000p\000a\000i\000g\000n\000s}{}% 62
