\BOOKMARK [0][-]{chapter*.5}{\376\377\000T\000\323\000M\000\040\000T\036\256\000T\000\040\000K\000H\000\323\000A\000\040\000L\000U\036\254\000N}{}% 1
\BOOKMARK [0][-]{chapter.1}{\376\377\000M\036\336\000\040\001\020\036\246\000U}{}% 2
\BOOKMARK [1][-]{section.1.1}{\376\377\000L\000\375\000\040\000d\000o}{chapter.1}% 3
\BOOKMARK [1][-]{section.1.2}{\376\377\000M\036\345\000c\000\040\000t\000i\000\352\000u}{chapter.1}% 4
\BOOKMARK [1][-]{section.1.3}{\376\377\001\020\036\321\000i\000\040\000t\001\260\036\343\000n\000g\000\040\000v\000\340\000\040\000p\000h\036\241\000m\000\040\000v\000i\000\040\000n\000g\000h\000i\000\352\000n\000\040\000c\036\351\000u}{chapter.1}% 5
\BOOKMARK [0][-]{chapter.2}{\376\377\000T\036\324\000N\000G\000\040\000Q\000U\000A\000N}{}% 6
\BOOKMARK [1][-]{section.2.1}{\376\377\000T\000\354\000n\000h\000\040\000h\000\354\000n\000h\000\040\000n\000g\000h\000i\000\352\000n\000\040\000c\036\351\000u}{chapter.2}% 7
\BOOKMARK [1][-]{section.2.2}{\376\377\000K\000i\036\277\000n\000\040\000t\000h\036\351\000c\000\040\000n\036\301\000n\000\040\000t\036\243\000n\000g}{chapter.2}% 8
\BOOKMARK [0][-]{chapter.3}{\376\377\000P\000H\000\302\000N\000\040\000T\000\315\000C\000H\000\040\000V\000\300\000\040\000T\000H\000I\036\276\000T\000\040\000K\036\276\000\040\000H\036\306\000\040\000T\000H\036\320\000N\000G}{}% 9
\BOOKMARK [1][-]{section.3.1}{\376\377\000G\000i\036\333\000i\000\040\000t\000h\000i\036\307\000u\000\040\000h\036\307\000\040\000t\000h\036\321\000n\000g}{chapter.3}% 10
\BOOKMARK [1][-]{section.3.2}{\376\377\000K\000i\036\277\000n\000\040\000t\000r\000\372\000c\000\040\000h\036\307\000\040\000t\000h\036\321\000n\000g}{chapter.3}% 11
\BOOKMARK [1][-]{section.3.3}{\376\377\000S\001\241\000\040\001\021\036\323\000\040\000c\000h\036\351\000c\000\040\000n\001\003\000n\000g}{chapter.3}% 12
\BOOKMARK [1][-]{section.3.4}{\376\377\000S\001\241\000\040\001\021\036\323\000\040\000h\000o\036\241\000t\000\040\001\021\036\331\000n\000g}{chapter.3}% 13
\BOOKMARK [0][-]{chapter.4}{\376\377\000H\000I\036\306\000N\000\040\000T\000H\036\360\000C\000\040\000V\000\300\000\040\001\020\000\301\000N\000H\000\040\000G\000I\000\301\000\040\000H\036\306\000\040\000T\000H\036\320\000N\000G}{}% 14
\BOOKMARK [1][-]{section.4.1}{\376\377\000H\000i\036\307\000n\000\040\000t\000h\036\361\000c}{chapter.4}% 15
\BOOKMARK [2][-]{subsection.4.1.1}{\376\377\000M\000\364\000i\000\040\000t\000r\001\260\036\335\000n\000g\000\040\000h\000i\036\307\000n\000\040\000t\000h\036\361\000c}{section.4.1}% 16
\BOOKMARK [2][-]{subsection.4.1.2}{\376\377\000C\000\341\000c\000\040\000c\000\364\000n\000g\000\040\000n\000g\000h\036\307\000\040\001\021\001\260\036\343\000c\000\040\000s\036\355\000\040\000d\036\345\000n\000g}{section.4.1}% 17
\BOOKMARK [2][-]{subsection.4.1.3}{\376\377\000C\000\341\000c\000\040\000b\001\260\036\333\000c\000\040\000h\000i\036\307\000n\000\040\000t\000h\036\361\000c}{section.4.1}% 18
\BOOKMARK [1][-]{section.4.2}{\376\377\001\020\000\341\000n\000h\000\040\000g\000i\000\341\000\040\000h\036\307\000\040\000t\000h\036\321\000n\000g\000\040\001\021\000\343\000\040\000h\000i\036\307\000n\000\040\000t\000h\036\361\000c}{chapter.4}% 19
\BOOKMARK [2][-]{subsection.4.2.1}{\376\377\000M\036\345\000c\000\040\000t\000i\000\352\000u\000\040\001\021\000\341\000n\000h\000\040\000g\000i\000\341}{section.4.2}% 20
\BOOKMARK [2][-]{subsection.4.2.2}{\376\377\000T\000i\000\352\000u\000\040\000c\000h\000\355\000\040\001\021\000\341\000n\000h\000\040\000g\000i\000\341}{section.4.2}% 21
\BOOKMARK [2][-]{subsection.4.2.3}{\376\377\000P\000h\001\260\001\241\000n\000g\000\040\000p\000h\000\341\000p\000\040\001\021\000\341\000n\000h\000\040\000g\000i\000\341}{section.4.2}% 22
\BOOKMARK [2][-]{subsection.4.2.4}{\376\377\000K\036\277\000t\000\040\000q\000u\036\243\000\040\001\021\000\341\000n\000h\000\040\000g\000i\000\341}{section.4.2}% 23
\BOOKMARK [0][-]{chapter.5}{\376\377\000K\036\276\000T\000\040\000L\000U\036\254\000N}{}% 24
\BOOKMARK [1][-]{section.5.1}{\376\377\000T\000h\000u\036\255\000n\000\040\000l\036\343\000i}{chapter.5}% 25
\BOOKMARK [1][-]{section.5.2}{\376\377\000K\000h\000\363\000\040\000k\000h\001\003\000n}{chapter.5}% 26
\BOOKMARK [1][-]{section.5.3}{\376\377\000H\001\260\036\333\000n\000g\000\040\000p\000h\000\341\000t\000\040\000t\000r\000i\036\303\000n}{chapter.5}% 27
